<?xml version="1.0" encoding="UTF-8"?>
<!-- Generated by org.testng.reporters.JUnitReportReporter -->
<testsuite hostname="DESKTOP-P1IRTQN" failures="0" tests="1" name="com.opencart.testleyer.LoginTest" time="8.070" errors="0" timestamp="2024-09-10T12:25:20 IST" skipped="0">
  <testcase classname="com.opencart.testleyer.LoginTest" name="VerifyRegisterWithValidDetails" time="8.070"/>
  <system-out/>
</testsuite> <!-- com.opencart.testleyer.LoginTest -->
